<?xml version="1.0" encoding="UTF-8"?>
<!-- Generated by org.testng.reporters.JUnitXMLReporter -->
<testsuite ignored="0" hostname="DESKTOP-8OTO4O4" failures="0" tests="4" name="Test_edge" time="205.667" errors="0" timestamp="2025-09-18T16:18:25 IST">
  <testcase classname="BatchExecutionTESTng.HandlingZomoto" name="zomato" time="66.629"/>
  <testcase classname="BatchExecutionTESTng.NavigateToQspiders" name="Qspiders" time="76.612"/>
  <testcase classname="BatchExecutionTESTng.HandlingSwiggy" name="swiggy" time="32.621"/>
  <testcase classname="BatchExecutionTESTng.HandlingFlipKart" name="flipkart" time="29.641"/>
</testsuite> <!-- Test_edge -->
