<?xml version="1.0" encoding="UTF-8"?>
<!-- Generated by org.testng.reporters.JUnitXMLReporter -->
<testsuite ignored="0" hostname="DESKTOP-8OTO4O4" failures="0" tests="4" name="Test_chrome" time="148.32" errors="0" timestamp="2025-09-18T16:17:27 IST">
  <testcase classname="BatchExecutionTESTng.HandlingZomoto" name="zomato" time="56.217"/>
  <testcase classname="BatchExecutionTESTng.NavigateToQspiders" name="Qspiders" time="31.292"/>
  <testcase classname="BatchExecutionTESTng.HandlingSwiggy" name="swiggy" time="32.061"/>
  <testcase classname="BatchExecutionTESTng.HandlingFlipKart" name="flipkart" time="27.667"/>
</testsuite> <!-- Test_chrome -->
