<?xml version="1.0" encoding="UTF-8"?>
<!-- Generated by org.testng.reporters.JUnitXMLReporter -->
<testsuite ignored="3" hostname="DESKTOP-8OTO4O4" failures="0" tests="1" name="Test" time="32.152" errors="0" timestamp="2025-09-18T14:53:02 IST">
  <testcase classname="BatchExecutionTESTng.HandlingSwiggy" name="swiggy" time="32.028"/>
  <testcase classname="BatchExecutionTESTng.NavigateToQspiders" name="Qspiders" time="0.0">
    <ignored/>
  </testcase> <!-- Qspiders -->
  <testcase classname="BatchExecutionTESTng.HandlingFlipKart" name="flipkart" time="0.0">
    <ignored/>
  </testcase> <!-- flipkart -->
  <testcase classname="BatchExecutionTESTng.HandlingZomoto" name="zomato" time="0.0">
    <ignored/>
  </testcase> <!-- zomato -->
</testsuite> <!-- Test -->
